0 info it worked if it ends with ok
1 verbose cli [ 'C:\\Program Files\\nodejs\\node.exe',
1 verbose cli   'C:\\Program Files\\nodejs\\node_modules\\npm\\bin\\npm-cli.js',
1 verbose cli   'stop' ]
2 info using npm@3.10.10
3 info using node@v6.10.2
4 verbose run-script [ 'prestop', 'stop', 'poststop' ]
5 info lifecycle oceany-blog@1.0.0~prestop: oceany-blog@1.0.0
6 silly lifecycle oceany-blog@1.0.0~prestop: no script for prestop, continuing
7 info lifecycle oceany-blog@1.0.0~stop: oceany-blog@1.0.0
8 verbose lifecycle oceany-blog@1.0.0~stop: unsafe-perm in lifecycle true
9 verbose lifecycle oceany-blog@1.0.0~stop: PATH: C:\Program Files\nodejs\node_modules\npm\bin\node-gyp-bin;C:\Users\guoxin_sui\Desktop\express\oceany-blog\node_modules\.bin;C:\ProgramData\Oracle\Java\javapath;C:\WINDOWS\system32;C:\WINDOWS;C:\WINDOWS\System32\Wbem;C:\WINDOWS\System32\WindowsPowerShell\v1.0\;F:\Programme\grails-3.2.8\bin;C:\Program Files\MongoDB\Server\3.4\bin;C:\Program Files\nodejs\;F:\Programme\apache-maven-3.5.0\bin;C:\Users\guoxin_sui\AppData\Local\Microsoft\WindowsApps;C:\Users\guoxin_sui\AppData\Local\Programs\Git\cmd;C:\Users\guoxin_sui\AppData\Roaming\npm
10 verbose lifecycle oceany-blog@1.0.0~stop: CWD: C:\Users\guoxin_sui\Desktop\express\oceany-blog
11 silly lifecycle oceany-blog@1.0.0~stop: Args: [ '/d /s /c', 'pm2 stop oceany-blog' ]
12 silly lifecycle oceany-blog@1.0.0~stop: Returned: code: 1  signal: null
13 info lifecycle oceany-blog@1.0.0~stop: Failed to exec stop script
14 verbose stack Error: oceany-blog@1.0.0 stop: `pm2 stop oceany-blog`
14 verbose stack Exit status 1
14 verbose stack     at EventEmitter.<anonymous> (C:\Program Files\nodejs\node_modules\npm\lib\utils\lifecycle.js:255:16)
14 verbose stack     at emitTwo (events.js:106:13)
14 verbose stack     at EventEmitter.emit (events.js:191:7)
14 verbose stack     at ChildProcess.<anonymous> (C:\Program Files\nodejs\node_modules\npm\lib\utils\spawn.js:40:14)
14 verbose stack     at emitTwo (events.js:106:13)
14 verbose stack     at ChildProcess.emit (events.js:191:7)
14 verbose stack     at maybeClose (internal/child_process.js:886:16)
14 verbose stack     at Process.ChildProcess._handle.onexit (internal/child_process.js:226:5)
15 verbose pkgid oceany-blog@1.0.0
16 verbose cwd C:\Users\guoxin_sui\Desktop\express\oceany-blog
17 error Windows_NT 10.0.14393
18 error argv "C:\\Program Files\\nodejs\\node.exe" "C:\\Program Files\\nodejs\\node_modules\\npm\\bin\\npm-cli.js" "stop"
19 error node v6.10.2
20 error npm  v3.10.10
21 error code ELIFECYCLE
22 error oceany-blog@1.0.0 stop: `pm2 stop oceany-blog`
22 error Exit status 1
23 error Failed at the oceany-blog@1.0.0 stop script 'pm2 stop oceany-blog'.
23 error Make sure you have the latest version of node.js and npm installed.
23 error If you do, this is most likely a problem with the oceany-blog package,
23 error not with npm itself.
23 error Tell the author that this fails on your system:
23 error     pm2 stop oceany-blog
23 error You can get information on how to open an issue for this project with:
23 error     npm bugs oceany-blog
23 error Or if that isn't available, you can get their info via:
23 error     npm owner ls oceany-blog
23 error There is likely additional logging output above.
24 verbose exit [ 1, true ]
